0 verbose cli /Users/wolf/.nvm/versions/node/v20.9.0/bin/node /Users/wolf/.nvm/versions/node/v20.9.0/bin/npm
1 info using npm@10.1.0
2 info using node@v20.9.0
3 timing npm:load:whichnode Completed in 1ms
4 timing config:load:defaults Completed in 0ms
5 timing config:load:file:/Users/wolf/.nvm/versions/node/v20.9.0/lib/node_modules/npm/npmrc Completed in 1ms
6 timing config:load:builtin Completed in 1ms
7 timing config:load:cli Completed in 2ms
8 timing config:load:env Completed in 0ms
9 timing config:load:file:/Users/wolf/Documents/Development/Projects/MDX_site/Code/mdx-next15-react19/.npmrc Completed in 0ms
10 timing config:load:project Completed in 1ms
11 timing config:load:file:/Users/wolf/.npmrc Completed in 1ms
12 timing config:load:user Completed in 1ms
13 timing config:load:file:/Users/wolf/.nvm/versions/node/v20.9.0/etc/npmrc Completed in 0ms
14 timing config:load:global Completed in 0ms
15 timing config:load:setEnvs Completed in 0ms
16 timing config:load Completed in 6ms
17 timing npm:load:configload Completed in 6ms
18 timing config:load:flatten Completed in 1ms
19 timing npm:load:mkdirpcache Completed in 1ms
20 timing npm:load:mkdirplogs Completed in 0ms
21 verbose title npm install next@latest react@latest react-dom@latest eslint-config-next@latest @next/mdx@latest
22 verbose argv "install" "--cache" "./.npm-cache" "next@latest" "react@latest" "react-dom@latest" "eslint-config-next@latest" "@next/mdx@latest" "--save"
23 timing npm:load:setTitle Completed in 0ms
24 timing npm:load:display Completed in 0ms
25 verbose logfile logs-max:10 dir:/Users/wolf/Documents/Development/Projects/MDX_site/Code/mdx-next15-react19/.npm-cache/_logs/2026-01-05T08_45_33_445Z-
26 verbose logfile /Users/wolf/Documents/Development/Projects/MDX_site/Code/mdx-next15-react19/.npm-cache/_logs/2026-01-05T08_45_33_445Z-debug-0.log
27 timing npm:load:logFile Completed in 4ms
28 timing npm:load:timers Completed in 0ms
29 timing npm:load:configScope Completed in 0ms
30 timing npm:load Completed in 20ms
31 timing arborist:ctor Completed in 1ms
32 timing idealTree:init Completed in 155ms
33 silly logfile done cleaning log files
34 http fetch GET 200 https://registry.npmjs.org/npm 1299ms (cache miss)
35 http fetch GET 200 https://registry.npmjs.org/eslint-config-next 2081ms (cache miss)
36 http fetch GET 200 https://registry.npmjs.org/react-dom 2155ms (cache miss)
37 http fetch GET 200 https://registry.npmjs.org/react 2318ms (cache miss)
38 http fetch GET 200 https://registry.npmjs.org/@next%2fmdx 2770ms (cache miss)
39 http fetch GET 200 https://registry.npmjs.org/next 3011ms (cache miss)
40 timing idealTree:userRequests Completed in 3209ms
41 silly idealTree buildDeps
42 silly fetch manifest @next/mdx@16.1.1
43 silly fetch manifest next@16.1.1
44 silly fetch manifest react@19.2.3
45 silly fetch manifest react-dom@19.2.3
46 silly fetch manifest eslint-config-next@16.1.1
47 silly placeDep ROOT @next/mdx@16.1.1 REPLACE for: next15-react19@0.1.0 want: 16.1.1
48 silly placeDep ROOT eslint-config-next@16.1.1 REPLACE for: next15-react19@0.1.0 want: 16.1.1
49 silly fetch manifest globals@16.4.0
50 silly fetch manifest typescript-eslint@^8.46.0
51 silly fetch manifest eslint-plugin-import@^2.32.0
52 silly fetch manifest @next/eslint-plugin-next@16.1.1
53 silly fetch manifest eslint-plugin-react-hooks@^7.0.0
54 silly fetch manifest eslint-import-resolver-node@^0.3.6
55 silly placeDep ROOT next@16.1.1 REPLACE for: next15-react19@0.1.0 want: 16.1.1
56 silly fetch manifest @next/env@16.1.1
57 silly fetch manifest baseline-browser-mapping@^2.8.3
58 silly fetch manifest sharp@^0.34.4
59 silly fetch manifest @next/swc-darwin-x64@16.1.1
60 silly fetch manifest @next/swc-darwin-arm64@16.1.1
61 silly fetch manifest @next/swc-linux-x64-gnu@16.1.1
62 silly fetch manifest @next/swc-linux-x64-musl@16.1.1
63 silly fetch manifest @next/swc-win32-x64-msvc@16.1.1
64 silly fetch manifest @next/swc-linux-arm64-gnu@16.1.1
65 silly fetch manifest @next/swc-linux-arm64-musl@16.1.1
66 silly fetch manifest @next/swc-win32-arm64-msvc@16.1.1
67 silly placeDep ROOT react@19.2.3 REPLACE for: next15-react19@0.1.0 want: 19.2.3
68 silly placeDep ROOT react-dom@19.2.3 REPLACE for: next15-react19@0.1.0 want: 19.2.3
69 silly fetch manifest scheduler@^0.27.0
70 http fetch GET 200 https://registry.npmjs.org/eslint-plugin-import 199ms (cache miss)
71 http fetch GET 200 https://registry.npmjs.org/globals 210ms (cache miss)
72 http fetch GET 200 https://registry.npmjs.org/eslint-import-resolver-node 216ms (cache miss)
73 http fetch GET 200 https://registry.npmjs.org/typescript-eslint 250ms (cache miss)
74 http fetch GET 200 https://registry.npmjs.org/@next%2feslint-plugin-next 574ms (cache miss)
75 http fetch GET 200 https://registry.npmjs.org/baseline-browser-mapping 619ms (cache miss)
76 http fetch GET 200 https://registry.npmjs.org/sharp 711ms (cache miss)
77 http fetch GET 200 https://registry.npmjs.org/@next%2fswc-win32-arm64-msvc 2370ms (cache miss)
78 http fetch GET 200 https://registry.npmjs.org/@next%2fswc-linux-arm64-musl 2650ms (cache miss)
79 http fetch GET 200 https://registry.npmjs.org/@next%2fswc-linux-x64-musl 2980ms (cache miss)
80 http fetch GET 200 https://registry.npmjs.org/eslint-plugin-react-hooks 3090ms (cache miss)
81 http fetch GET 200 https://registry.npmjs.org/@next%2fswc-linux-arm64-gnu 3127ms (cache miss)
82 http fetch GET 200 https://registry.npmjs.org/@next%2fswc-win32-x64-msvc 3139ms (cache miss)
83 http fetch GET 200 https://registry.npmjs.org/@next%2fswc-darwin-x64 3151ms (cache miss)
84 http fetch GET 200 https://registry.npmjs.org/@next%2fswc-linux-x64-gnu 3160ms (cache miss)
85 http fetch GET 200 https://registry.npmjs.org/@next%2fswc-darwin-arm64 3180ms (cache miss)
86 http fetch GET 200 https://registry.npmjs.org/@next%2fenv 3295ms (cache miss)
87 http fetch GET 200 https://registry.npmjs.org/scheduler 3739ms (cache miss)
88 timing idealTree:#root Completed in 3765ms
89 timing idealTree:node_modules/@next/mdx Completed in 0ms
90 silly placeDep ROOT @next/eslint-plugin-next@16.1.1 OK for: eslint-config-next@16.1.1 want: 16.1.1
91 silly fetch manifest fast-glob@3.3.1
92 silly placeDep ROOT eslint-import-resolver-node@0.3.9 OK for: eslint-config-next@16.1.1 want: ^0.3.6
93 silly fetch manifest debug@^3.2.7
94 silly fetch manifest resolve@^1.22.4
95 silly placeDep ROOT eslint-plugin-import@2.32.0 OK for: eslint-config-next@16.1.1 want: ^2.32.0
96 silly fetch manifest @rtsao/scc@^1.1.0
97 silly fetch manifest array-includes@^3.1.9
98 silly fetch manifest array.prototype.findlastindex@^1.2.6
99 silly fetch manifest eslint-module-utils@^2.12.1
100 silly fetch manifest object.groupby@^1.0.3
101 silly fetch manifest semver@^6.3.1
102 silly fetch manifest tsconfig-paths@^3.15.0
103 silly placeDep ROOT eslint-plugin-react-hooks@7.0.1 OK for: eslint-config-next@16.1.1 want: ^7.0.0
104 silly fetch manifest zod@^3.25.0 || ^4.0.0
105 silly fetch manifest @babel/core@^7.24.4
106 silly fetch manifest @babel/parser@^7.24.4
107 silly fetch manifest hermes-parser@^0.25.1
108 silly fetch manifest zod-validation-error@^3.5.0 || ^4.0.0
109 silly placeDep node_modules/eslint-config-next globals@16.4.0 OK for: eslint-config-next@16.1.1 want: 16.4.0
110 silly placeDep ROOT typescript-eslint@8.51.0 OK for: eslint-config-next@16.1.1 want: ^8.46.0
111 silly fetch manifest @typescript-eslint/utils@8.51.0
112 silly fetch manifest @typescript-eslint/parser@8.51.0
113 silly fetch manifest @typescript-eslint/eslint-plugin@8.51.0
114 silly fetch manifest @typescript-eslint/typescript-estree@8.51.0
115 http fetch GET 200 https://registry.npmjs.org/resolve 138ms (cache miss)
116 http fetch GET 200 https://registry.npmjs.org/array-includes 156ms (cache miss)
117 http fetch GET 200 https://registry.npmjs.org/debug 163ms (cache miss)
118 http fetch GET 200 https://registry.npmjs.org/fast-glob 166ms (cache miss)
119 http fetch GET 200 https://registry.npmjs.org/@rtsao%2fscc 204ms (cache miss)
120 http fetch GET 200 https://registry.npmjs.org/array.prototype.findlastindex 212ms (cache miss)
121 http fetch GET 200 https://registry.npmjs.org/tsconfig-paths 210ms (cache miss)
122 http fetch GET 200 https://registry.npmjs.org/eslint-module-utils 233ms (cache miss)
123 http fetch GET 200 https://registry.npmjs.org/semver 233ms (cache miss)
124 http fetch GET 200 https://registry.npmjs.org/hermes-parser 232ms (cache miss)
125 http fetch GET 200 https://registry.npmjs.org/zod-validation-error 232ms (cache miss)
126 http fetch GET 200 https://registry.npmjs.org/object.groupby 238ms (cache miss)
127 http fetch GET 200 https://registry.npmjs.org/@babel%2fcore 587ms (cache miss)
128 http fetch GET 200 https://registry.npmjs.org/@babel%2fparser 716ms (cache miss)
129 http fetch GET 200 https://registry.npmjs.org/zod 1033ms (cache miss)
130 http fetch GET 200 https://registry.npmjs.org/@typescript-eslint%2futils 1643ms (cache miss)
131 http fetch GET 200 https://registry.npmjs.org/@typescript-eslint%2fparser 1756ms (cache miss)
132 http fetch GET 200 https://registry.npmjs.org/@typescript-eslint%2ftypescript-estree 2341ms (cache miss)
133 http fetch GET 200 https://registry.npmjs.org/@typescript-eslint%2feslint-plugin 3925ms (cache miss)
134 timing idealTree:node_modules/eslint-config-next Completed in 3989ms
135 silly placeDep ROOT fast-glob@3.3.1 OK for: @next/eslint-plugin-next@16.1.1 want: 3.3.1
136 silly fetch manifest merge2@^1.3.0
137 silly fetch manifest micromatch@^4.0.4
138 silly fetch manifest glob-parent@^5.1.2
139 silly fetch manifest @nodelib/fs.stat@^2.0.2
140 silly fetch manifest @nodelib/fs.walk@^1.2.3
141 http fetch GET 200 https://registry.npmjs.org/merge2 128ms (cache miss)
142 http fetch GET 200 https://registry.npmjs.org/micromatch 129ms (cache miss)
143 http fetch GET 200 https://registry.npmjs.org/@nodelib%2ffs.walk 152ms (cache miss)
144 http fetch GET 200 https://registry.npmjs.org/glob-parent 153ms (cache miss)
145 http fetch GET 200 https://registry.npmjs.org/@nodelib%2ffs.stat 320ms (cache miss)
146 timing idealTree:node_modules/@next/eslint-plugin-next Completed in 324ms
147 silly placeDep node_modules/eslint-import-resolver-node debug@3.2.7 OK for: eslint-import-resolver-node@0.3.9 want: ^3.2.7
148 silly placeDep ROOT resolve@1.22.11 OK for: eslint-import-resolver-node@0.3.9 want: ^1.22.4
149 timing idealTree:node_modules/eslint-import-resolver-node Completed in 4ms
150 silly placeDep ROOT @rtsao/scc@1.1.0 OK for: eslint-plugin-import@2.32.0 want: ^1.1.0
151 silly placeDep ROOT array-includes@3.1.9 REPLACE for: eslint-plugin-import@2.32.0 want: ^3.1.9
152 silly fetch manifest es-abstract@^1.24.0
153 silly placeDep ROOT array.prototype.findlastindex@1.2.6 OK for: eslint-plugin-import@2.32.0 want: ^1.2.6
154 silly placeDep node_modules/eslint-plugin-import debug@3.2.7 OK for: eslint-plugin-import@2.32.0 want: ^3.2.7
155 silly placeDep ROOT eslint-module-utils@2.12.1 OK for: eslint-plugin-import@2.32.0 want: ^2.12.1
156 silly placeDep ROOT object.groupby@1.0.3 OK for: eslint-plugin-import@2.32.0 want: ^1.0.3
157 silly placeDep node_modules/eslint-plugin-import semver@6.3.1 OK for: eslint-plugin-import@2.32.0 want: ^6.3.1
158 silly placeDep ROOT tsconfig-paths@3.15.0 OK for: eslint-plugin-import@2.32.0 want: ^3.15.0
159 silly fetch manifest json5@^1.0.2
160 silly fetch manifest minimist@^1.2.6
161 silly fetch manifest strip-bom@^3.0.0
162 silly fetch manifest @types/json5@^0.0.29
163 http fetch GET 200 https://registry.npmjs.org/strip-bom 104ms (cache miss)
164 http fetch GET 200 https://registry.npmjs.org/minimist 128ms (cache miss)
165 http fetch GET 200 https://registry.npmjs.org/@types%2fjson5 129ms (cache miss)
166 http fetch GET 200 https://registry.npmjs.org/json5 131ms (cache miss)
167 http fetch GET 200 https://registry.npmjs.org/es-abstract 395ms (cache miss)
168 timing idealTree:node_modules/eslint-plugin-import Completed in 407ms
169 timing idealTree:node_modules/@rtsao/scc Completed in 0ms
170 silly placeDep ROOT es-abstract@1.24.1 REPLACE for: array-includes@3.1.9 want: ^1.24.0
171 silly fetch manifest is-negative-zero@^2.0.3
172 silly fetch manifest stop-iteration-iterator@^1.1.0
173 http fetch GET 200 https://registry.npmjs.org/is-negative-zero 105ms (cache miss)
174 http fetch GET 200 https://registry.npmjs.org/stop-iteration-iterator 104ms (cache miss)
175 timing idealTree:node_modules/array-includes Completed in 118ms
176 timing idealTree:node_modules/array.prototype.findlastindex Completed in 0ms
177 silly placeDep ROOT is-negative-zero@2.0.3 OK for: es-abstract@1.24.1 want: ^2.0.3
178 silly placeDep ROOT stop-iteration-iterator@1.1.0 OK for: es-abstract@1.24.1 want: ^1.1.0
179 timing idealTree:node_modules/es-abstract Completed in 2ms
180 silly placeDep node_modules/eslint-module-utils debug@3.2.7 OK for: eslint-module-utils@2.12.1 want: ^3.2.7
181 timing idealTree:node_modules/eslint-module-utils Completed in 1ms
182 silly placeDep ROOT @babel/core@7.28.5 OK for: eslint-plugin-react-hooks@7.0.1 want: ^7.24.4
183 silly fetch manifest @babel/code-frame@^7.27.1
184 silly fetch manifest @babel/generator@^7.28.5
185 silly fetch manifest @babel/helper-compilation-targets@^7.27.2
186 silly fetch manifest @babel/helper-module-transforms@^7.28.3
187 silly fetch manifest @babel/helpers@^7.28.4
188 silly fetch manifest @babel/parser@^7.28.5
189 silly fetch manifest @babel/template@^7.27.2
190 silly fetch manifest @babel/traverse@^7.28.5
191 silly fetch manifest @babel/types@^7.28.5
192 silly fetch manifest @jridgewell/remapping@^2.3.5
193 silly fetch manifest convert-source-map@^2.0.0
194 silly fetch manifest gensync@^1.0.0-beta.2
195 silly fetch manifest json5@^2.2.3
196 silly placeDep ROOT @babel/parser@7.28.5 OK for: eslint-plugin-react-hooks@7.0.1 want: ^7.24.4
197 silly placeDep ROOT hermes-parser@0.25.1 OK for: eslint-plugin-react-hooks@7.0.1 want: ^0.25.1
198 silly fetch manifest hermes-estree@0.25.1
199 silly placeDep ROOT zod@4.3.5 OK for: eslint-plugin-react-hooks@7.0.1 want: ^3.25.0 || ^4.0.0
200 silly placeDep ROOT zod-validation-error@4.0.2 OK for: eslint-plugin-react-hooks@7.0.1 want: ^3.5.0 || ^4.0.0
201 http fetch GET 200 https://registry.npmjs.org/gensync 124ms (cache miss)
202 http fetch GET 200 https://registry.npmjs.org/@jridgewell%2fremapping 125ms (cache miss)
203 http fetch GET 200 https://registry.npmjs.org/@babel%2fcode-frame 128ms (cache miss)
204 http fetch GET 200 https://registry.npmjs.org/convert-source-map 158ms (cache miss)
205 http fetch GET 200 https://registry.npmjs.org/hermes-estree 175ms (cache miss)
206 http fetch GET 200 https://registry.npmjs.org/@babel%2ftypes 329ms (cache miss)
207 http fetch GET 200 https://registry.npmjs.org/@babel%2fhelper-compilation-targets 332ms (cache miss)
208 http fetch GET 200 https://registry.npmjs.org/@babel%2fhelper-module-transforms 333ms (cache miss)
209 http fetch GET 200 https://registry.npmjs.org/@babel%2ftemplate 352ms (cache miss)
210 http fetch GET 200 https://registry.npmjs.org/@babel%2fgenerator 355ms (cache miss)
211 http fetch GET 200 https://registry.npmjs.org/@babel%2fhelpers 364ms (cache miss)
212 http fetch GET 200 https://registry.npmjs.org/@babel%2ftraverse 365ms (cache miss)
213 timing idealTree:node_modules/eslint-plugin-react-hooks Completed in 370ms
214 silly placeDep ROOT @babel/code-frame@7.27.1 REPLACE for: @babel/core@7.28.5 want: ^7.27.1
215 silly fetch manifest @babel/helper-validator-identifier@^7.27.1
216 silly placeDep ROOT @babel/generator@7.28.5 OK for: @babel/core@7.28.5 want: ^7.28.5
217 silly fetch manifest @jridgewell/gen-mapping@^0.3.12
218 silly fetch manifest @jridgewell/trace-mapping@^0.3.28
219 silly fetch manifest jsesc@^3.0.2
220 silly placeDep ROOT @babel/helper-compilation-targets@7.27.2 OK for: @babel/core@7.28.5 want: ^7.27.2
221 silly fetch manifest lru-cache@^5.1.1
222 silly fetch manifest browserslist@^4.24.0
223 silly fetch manifest @babel/compat-data@^7.27.2
224 silly fetch manifest @babel/helper-validator-option@^7.27.1
225 silly placeDep ROOT @babel/helper-module-transforms@7.28.3 OK for: @babel/core@7.28.5 want: ^7.28.3
226 silly fetch manifest @babel/traverse@^7.28.3
227 silly fetch manifest @babel/helper-module-imports@^7.27.1
228 silly placeDep ROOT @babel/helpers@7.28.4 OK for: @babel/core@7.28.5 want: ^7.28.4
229 silly fetch manifest @babel/types@^7.28.4
230 silly placeDep ROOT @babel/template@7.27.2 OK for: @babel/core@7.28.5 want: ^7.27.2
231 silly fetch manifest @babel/types@^7.27.1
232 silly placeDep ROOT @babel/traverse@7.28.5 OK for: @babel/core@7.28.5 want: ^7.28.5
233 silly fetch manifest @babel/helper-globals@^7.28.0
234 silly placeDep ROOT @babel/types@7.28.5 OK for: @babel/core@7.28.5 want: ^7.28.5
235 silly fetch manifest @babel/helper-string-parser@^7.27.1
236 silly fetch manifest @babel/helper-validator-identifier@^7.28.5
237 silly placeDep ROOT @jridgewell/remapping@2.3.5 OK for: @babel/core@7.28.5 want: ^2.3.5
238 silly fetch manifest @jridgewell/gen-mapping@^0.3.5
239 silly fetch manifest @jridgewell/trace-mapping@^0.3.24
240 silly placeDep ROOT convert-source-map@2.0.0 OK for: @babel/core@7.28.5 want: ^2.0.0
241 silly placeDep ROOT gensync@1.0.0-beta.2 OK for: @babel/core@7.28.5 want: ^1.0.0-beta.2
242 silly placeDep ROOT json5@2.2.3 OK for: @babel/core@7.28.5 want: ^2.2.3
243 silly placeDep node_modules/@babel/core semver@6.3.1 OK for: @babel/core@7.28.5 want: ^6.3.1
244 http fetch GET 200 https://registry.npmjs.org/lru-cache 103ms (cache miss)
245 http fetch GET 200 https://registry.npmjs.org/@babel%2fhelper-string-parser 120ms (cache miss)
246 http fetch GET 200 https://registry.npmjs.org/@babel%2fhelper-globals 122ms (cache miss)
247 http fetch GET 200 https://registry.npmjs.org/@jridgewell%2ftrace-mapping 131ms (cache miss)
248 http fetch GET 200 https://registry.npmjs.org/jsesc 132ms (cache miss)
249 http fetch GET 200 https://registry.npmjs.org/@jridgewell%2fgen-mapping 124ms (cache miss)
250 http fetch GET 200 https://registry.npmjs.org/@jridgewell%2fgen-mapping 143ms (cache miss)
251 http fetch GET 200 https://registry.npmjs.org/@babel%2fhelper-validator-identifier 135ms (cache miss)
252 http fetch GET 200 https://registry.npmjs.org/@babel%2fhelper-validator-option 142ms (cache miss)
253 http fetch GET 200 https://registry.npmjs.org/@babel%2fhelper-validator-identifier 149ms (cache miss)
254 http fetch GET 200 https://registry.npmjs.org/@babel%2fhelper-module-imports 145ms (cache miss)
255 http fetch GET 200 https://registry.npmjs.org/@jridgewell%2ftrace-mapping 143ms (cache miss)
256 http fetch GET 200 https://registry.npmjs.org/@babel%2fcompat-data 174ms (cache miss)
257 http fetch GET 200 https://registry.npmjs.org/browserslist 274ms (cache miss)
258 timing idealTree:node_modules/@babel/core Completed in 284ms
259 silly placeDep ROOT @babel/helper-validator-identifier@7.28.5 OK for: @babel/code-frame@7.27.1 want: ^7.27.1
260 timing idealTree:node_modules/@babel/code-frame Completed in 1ms
261 silly placeDep ROOT @jridgewell/gen-mapping@0.3.13 OK for: @babel/generator@7.28.5 want: ^0.3.12
262 silly fetch manifest @jridgewell/sourcemap-codec@^1.5.0
263 silly placeDep ROOT @jridgewell/trace-mapping@0.3.31 OK for: @babel/generator@7.28.5 want: ^0.3.28
264 silly fetch manifest @jridgewell/resolve-uri@^3.1.0
265 silly fetch manifest @jridgewell/sourcemap-codec@^1.4.14
266 silly placeDep ROOT jsesc@3.1.0 OK for: @babel/generator@7.28.5 want: ^3.0.2
267 http fetch GET 200 https://registry.npmjs.org/@jridgewell%2fsourcemap-codec 120ms (cache miss)
268 http fetch GET 200 https://registry.npmjs.org/@jridgewell%2fresolve-uri 127ms (cache miss)
269 http fetch GET 200 https://registry.npmjs.org/@jridgewell%2fsourcemap-codec 503ms (cache miss)
270 timing idealTree:node_modules/@babel/generator Completed in 505ms
271 silly placeDep ROOT @babel/compat-data@7.28.5 OK for: @babel/helper-compilation-targets@7.27.2 want: ^7.27.2
272 silly placeDep ROOT @babel/helper-validator-option@7.27.1 OK for: @babel/helper-compilation-targets@7.27.2 want: ^7.27.1
273 silly placeDep ROOT browserslist@4.28.1 OK for: @babel/helper-compilation-targets@7.27.2 want: ^4.24.0
274 silly fetch manifest baseline-browser-mapping@^2.9.0
275 silly fetch manifest caniuse-lite@^1.0.30001759
276 silly fetch manifest electron-to-chromium@^1.5.263
277 silly fetch manifest node-releases@^2.0.27
278 silly fetch manifest update-browserslist-db@^1.2.0
279 silly placeDep ROOT lru-cache@5.1.1 OK for: @babel/helper-compilation-targets@7.27.2 want: ^5.1.1
280 silly fetch manifest yallist@^3.0.2
281 silly placeDep node_modules/@babel/helper-compilation-targets semver@6.3.1 OK for: @babel/helper-compilation-targets@7.27.2 want: ^6.3.1
282 http fetch GET 200 https://registry.npmjs.org/yallist 115ms (cache miss)
283 http fetch GET 200 https://registry.npmjs.org/update-browserslist-db 133ms (cache miss)
284 http fetch GET 200 https://registry.npmjs.org/node-releases 286ms (cache miss)
285 http fetch GET 200 https://registry.npmjs.org/electron-to-chromium 486ms (cache miss)
286 http fetch GET 200 https://registry.npmjs.org/caniuse-lite 630ms (cache miss)
287 timing idealTree:node_modules/@babel/helper-compilation-targets Completed in 643ms
288 timing idealTree:node_modules/@babel/compat-data Completed in 0ms
289 silly placeDep ROOT @babel/helper-module-imports@7.27.1 OK for: @babel/helper-module-transforms@7.28.3 want: ^7.27.1
290 timing idealTree:node_modules/@babel/helper-module-transforms Completed in 2ms
291 timing idealTree:node_modules/@babel/helper-module-imports Completed in 0ms
292 timing idealTree:node_modules/@babel/helper-validator-identifier Completed in 0ms
293 timing idealTree:node_modules/@babel/helper-validator-option Completed in 0ms
294 timing idealTree:node_modules/@babel/helpers Completed in 0ms
295 timing idealTree:node_modules/@babel/parser Completed in 0ms
296 timing idealTree:node_modules/@babel/template Completed in 0ms
297 silly placeDep ROOT @babel/helper-globals@7.28.0 OK for: @babel/traverse@7.28.5 want: ^7.28.0
298 timing idealTree:node_modules/@babel/traverse Completed in 1ms
299 timing idealTree:node_modules/@babel/helper-globals Completed in 0ms
300 silly placeDep ROOT @babel/helper-string-parser@7.27.1 OK for: @babel/types@7.28.5 want: ^7.27.1
301 timing idealTree:node_modules/@babel/types Completed in 1ms
302 timing idealTree:node_modules/@babel/helper-string-parser Completed in 0ms
303 silly placeDep ROOT @jridgewell/sourcemap-codec@1.5.5 OK for: @jridgewell/gen-mapping@0.3.13 want: ^1.5.0
304 timing idealTree:node_modules/@jridgewell/gen-mapping Completed in 1ms
305 timing idealTree:node_modules/@jridgewell/remapping Completed in 0ms
306 timing idealTree:node_modules/@jridgewell/sourcemap-codec Completed in 1ms
307 silly placeDep ROOT @jridgewell/resolve-uri@3.1.2 OK for: @jridgewell/trace-mapping@0.3.31 want: ^3.1.0
308 timing idealTree:node_modules/@jridgewell/trace-mapping Completed in 1ms
309 timing idealTree:node_modules/@jridgewell/resolve-uri Completed in 0ms
310 silly placeDep ROOT baseline-browser-mapping@2.9.11 OK for: browserslist@4.28.1 want: ^2.9.0
311 silly placeDep ROOT caniuse-lite@1.0.30001762 REPLACE for: browserslist@4.28.1 want: ^1.0.30001759
312 silly placeDep ROOT electron-to-chromium@1.5.267 OK for: browserslist@4.28.1 want: ^1.5.263
313 silly placeDep ROOT node-releases@2.0.27 OK for: browserslist@4.28.1 want: ^2.0.27
314 silly placeDep ROOT update-browserslist-db@1.2.3 OK for: browserslist@4.28.1 want: ^1.2.0
315 silly fetch manifest escalade@^3.2.0
316 http fetch GET 200 https://registry.npmjs.org/escalade 108ms (cache miss)
317 timing idealTree:node_modules/browserslist Completed in 119ms
318 timing idealTree:node_modules/baseline-browser-mapping Completed in 0ms
319 timing idealTree:node_modules/caniuse-lite Completed in 0ms
320 timing idealTree:node_modules/convert-source-map Completed in 0ms
321 timing idealTree:node_modules/electron-to-chromium Completed in 0ms
322 silly placeDep ROOT @nodelib/fs.stat@2.0.5 OK for: fast-glob@3.3.1 want: ^2.0.2
323 silly placeDep ROOT @nodelib/fs.walk@1.2.8 OK for: fast-glob@3.3.1 want: ^1.2.3
324 silly fetch manifest fastq@^1.6.0
325 silly fetch manifest @nodelib/fs.scandir@2.1.5
326 silly placeDep node_modules/fast-glob glob-parent@5.1.2 OK for: fast-glob@3.3.1 want: ^5.1.2
327 silly placeDep ROOT merge2@1.4.1 OK for: fast-glob@3.3.1 want: ^1.3.0
328 silly placeDep ROOT micromatch@4.0.8 OK for: fast-glob@3.3.1 want: ^4.0.4
329 silly fetch manifest braces@^3.0.3
330 silly fetch manifest picomatch@^2.3.1
331 http fetch GET 200 https://registry.npmjs.org/braces 108ms (cache miss)
332 http fetch GET 200 https://registry.npmjs.org/picomatch 119ms (cache miss)
333 http fetch GET 200 https://registry.npmjs.org/fastq 125ms (cache miss)
334 http fetch GET 200 https://registry.npmjs.org/@nodelib%2ffs.scandir 137ms (cache miss)
335 timing idealTree:node_modules/fast-glob Completed in 141ms
336 timing idealTree:node_modules/@nodelib/fs.stat Completed in 0ms
337 silly placeDep ROOT @nodelib/fs.scandir@2.1.5 OK for: @nodelib/fs.walk@1.2.8 want: 2.1.5
338 silly fetch manifest run-parallel@^1.1.9
339 silly placeDep ROOT fastq@1.20.1 OK for: @nodelib/fs.walk@1.2.8 want: ^1.6.0
340 silly fetch manifest reusify@^1.0.4
341 http fetch GET 200 https://registry.npmjs.org/reusify 171ms (cache miss)
342 http fetch GET 200 https://registry.npmjs.org/run-parallel 174ms (cache miss)
343 timing idealTree:node_modules/@nodelib/fs.walk Completed in 177ms
344 silly placeDep ROOT run-parallel@1.2.0 OK for: @nodelib/fs.scandir@2.1.5 want: ^1.1.9
345 silly fetch manifest queue-microtask@^1.2.2
346 http fetch GET 200 https://registry.npmjs.org/queue-microtask 115ms (cache miss)
347 timing idealTree:node_modules/@nodelib/fs.scandir Completed in 117ms
348 silly placeDep ROOT reusify@1.1.0 OK for: fastq@1.20.1 want: ^1.0.4
349 timing idealTree:node_modules/fastq Completed in 1ms
350 timing idealTree:node_modules/gensync Completed in 0ms
351 silly placeDep ROOT hermes-estree@0.25.1 OK for: hermes-parser@0.25.1 want: 0.25.1
352 timing idealTree:node_modules/hermes-parser Completed in 0ms
353 timing idealTree:node_modules/hermes-estree Completed in 0ms
354 timing idealTree:node_modules/is-negative-zero Completed in 0ms
355 timing idealTree:node_modules/jsesc Completed in 0ms
356 timing idealTree:node_modules/json5 Completed in 0ms
357 silly placeDep ROOT yallist@3.1.1 OK for: lru-cache@5.1.1 want: ^3.0.2
358 timing idealTree:node_modules/lru-cache Completed in 1ms
359 timing idealTree:node_modules/merge2 Completed in 0ms
360 silly placeDep ROOT braces@3.0.3 OK for: micromatch@4.0.8 want: ^3.0.3
361 silly fetch manifest fill-range@^7.1.1
362 silly placeDep ROOT picomatch@2.3.1 OK for: micromatch@4.0.8 want: ^2.3.1
363 http fetch GET 200 https://registry.npmjs.org/fill-range 101ms (cache miss)
364 timing idealTree:node_modules/micromatch Completed in 103ms
365 silly placeDep ROOT fill-range@7.1.1 OK for: braces@3.0.3 want: ^7.1.1
366 silly fetch manifest to-regex-range@^5.0.1
367 http fetch GET 200 https://registry.npmjs.org/to-regex-range 109ms (cache miss)
368 timing idealTree:node_modules/braces Completed in 111ms
369 silly placeDep ROOT to-regex-range@5.0.1 OK for: fill-range@7.1.1 want: ^5.0.1
370 silly fetch manifest is-number@^7.0.0
371 http fetch GET 200 https://registry.npmjs.org/is-number 107ms (cache miss)
372 timing idealTree:node_modules/fill-range Completed in 110ms
373 silly placeDep ROOT @next/env@16.1.1 OK for: next@16.1.1 want: 16.1.1
374 silly placeDep ROOT @next/swc-darwin-arm64@16.1.1 OK for: next@16.1.1 want: 16.1.1
375 silly placeDep ROOT @next/swc-darwin-x64@16.1.1 OK for: next@16.1.1 want: 16.1.1
376 silly placeDep ROOT @next/swc-linux-arm64-gnu@16.1.1 OK for: next@16.1.1 want: 16.1.1
377 silly placeDep ROOT @next/swc-linux-arm64-musl@16.1.1 OK for: next@16.1.1 want: 16.1.1
378 silly placeDep ROOT @next/swc-linux-x64-gnu@16.1.1 OK for: next@16.1.1 want: 16.1.1
379 silly placeDep ROOT @next/swc-linux-x64-musl@16.1.1 OK for: next@16.1.1 want: 16.1.1
380 silly placeDep ROOT @next/swc-win32-arm64-msvc@16.1.1 OK for: next@16.1.1 want: 16.1.1
381 silly placeDep ROOT @next/swc-win32-x64-msvc@16.1.1 OK for: next@16.1.1 want: 16.1.1
382 silly placeDep ROOT sharp@0.34.5 OK for: next@16.1.1 want: ^0.34.4
383 silly fetch manifest semver@^7.7.3
384 silly fetch manifest @img/colour@^1.0.0
385 silly fetch manifest detect-libc@^2.1.2
386 silly fetch manifest @img/sharp-wasm32@0.34.5
387 silly fetch manifest @img/sharp-linux-arm@0.34.5
388 silly fetch manifest @img/sharp-linux-x64@0.34.5
389 silly fetch manifest @img/sharp-win32-x64@0.34.5
390 silly fetch manifest @img/sharp-darwin-x64@0.34.5
391 silly fetch manifest @img/sharp-win32-ia32@0.34.5
392 silly fetch manifest @img/sharp-linux-arm64@0.34.5
393 silly fetch manifest @img/sharp-linux-ppc64@0.34.5
394 silly fetch manifest @img/sharp-linux-s390x@0.34.5
395 silly fetch manifest @img/sharp-win32-arm64@0.34.5
396 silly fetch manifest @img/sharp-darwin-arm64@0.34.5
397 silly fetch manifest @img/sharp-linux-riscv64@0.34.5
398 silly fetch manifest @img/sharp-linuxmusl-x64@0.34.5
399 silly fetch manifest @img/sharp-linuxmusl-arm64@0.34.5
400 silly fetch manifest @img/sharp-libvips-linux-arm@1.2.4
401 silly fetch manifest @img/sharp-libvips-linux-x64@1.2.4
402 silly fetch manifest @img/sharp-libvips-darwin-x64@1.2.4
403 silly fetch manifest @img/sharp-libvips-linux-arm64@1.2.4
404 silly fetch manifest @img/sharp-libvips-linux-ppc64@1.2.4
405 silly fetch manifest @img/sharp-libvips-linux-s390x@1.2.4
406 silly fetch manifest @img/sharp-libvips-darwin-arm64@1.2.4
407 silly fetch manifest @img/sharp-libvips-linux-riscv64@1.2.4
408 silly fetch manifest @img/sharp-libvips-linuxmusl-x64@1.2.4
409 silly fetch manifest @img/sharp-libvips-linuxmusl-arm64@1.2.4
410 http fetch GET 200 https://registry.npmjs.org/detect-libc 170ms (cache miss)
411 http fetch GET 200 https://registry.npmjs.org/@img%2fsharp-darwin-arm64 166ms (cache miss)
412 http fetch GET 200 https://registry.npmjs.org/@img%2fsharp-linux-arm64 169ms (cache miss)
413 http fetch GET 200 https://registry.npmjs.org/@img%2fsharp-linux-arm 171ms (cache miss)
414 http fetch GET 200 https://registry.npmjs.org/@img%2fcolour 173ms (cache miss)
415 http fetch GET 200 https://registry.npmjs.org/@img%2fsharp-win32-ia32 170ms (cache miss)
416 http fetch GET 200 https://registry.npmjs.org/@img%2fsharp-linux-x64 172ms (cache miss)
417 http fetch GET 200 https://registry.npmjs.org/@img%2fsharp-linuxmusl-x64 168ms (cache miss)
418 http fetch GET 200 https://registry.npmjs.org/@img%2fsharp-wasm32 175ms (cache miss)
419 http fetch GET 200 https://registry.npmjs.org/@img%2fsharp-linux-s390x 173ms (cache miss)
420 http fetch GET 200 https://registry.npmjs.org/@img%2fsharp-win32-x64 176ms (cache miss)
421 http fetch GET 200 https://registry.npmjs.org/@img%2fsharp-darwin-x64 187ms (cache miss)
422 http fetch GET 200 https://registry.npmjs.org/@img%2fsharp-libvips-linux-arm64 240ms (cache miss)
423 http fetch GET 200 https://registry.npmjs.org/@img%2fsharp-libvips-linux-x64 242ms (cache miss)
424 http fetch GET 200 https://registry.npmjs.org/@img%2fsharp-libvips-linux-s390x 240ms (cache miss)
425 http fetch GET 200 https://registry.npmjs.org/@img%2fsharp-libvips-darwin-x64 245ms (cache miss)
426 http fetch GET 200 https://registry.npmjs.org/@img%2fsharp-linuxmusl-arm64 249ms (cache miss)
427 http fetch GET 200 https://registry.npmjs.org/@img%2fsharp-libvips-darwin-arm64 283ms (cache miss)
428 http fetch GET 200 https://registry.npmjs.org/@img%2fsharp-libvips-linuxmusl-x64 282ms (cache miss)
429 http fetch GET 200 https://registry.npmjs.org/@img%2fsharp-libvips-linux-riscv64 283ms (cache miss)
430 http fetch GET 200 https://registry.npmjs.org/@img%2fsharp-libvips-linux-arm 287ms (cache miss)
431 http fetch GET 200 https://registry.npmjs.org/@img%2fsharp-libvips-linuxmusl-arm64 303ms (cache miss)
432 http fetch GET 200 https://registry.npmjs.org/@img%2fsharp-linux-ppc64 313ms (cache miss)
433 http fetch GET 200 https://registry.npmjs.org/@img%2fsharp-win32-arm64 356ms (cache miss)
434 http fetch GET 200 https://registry.npmjs.org/@img%2fsharp-libvips-linux-ppc64 402ms (cache miss)
435 http fetch GET 200 https://registry.npmjs.org/@img%2fsharp-linux-riscv64 714ms (cache miss)
436 timing idealTree:node_modules/next Completed in 733ms
437 timing idealTree:node_modules/@next/env Completed in 0ms
438 timing idealTree:node_modules/@next/swc-darwin-arm64 Completed in 0ms
439 timing idealTree:node_modules/@next/swc-darwin-x64 Completed in 0ms
440 timing idealTree:node_modules/@next/swc-linux-arm64-gnu Completed in 0ms
441 timing idealTree:node_modules/@next/swc-linux-arm64-musl Completed in 0ms
442 timing idealTree:node_modules/@next/swc-linux-x64-gnu Completed in 0ms
443 timing idealTree:node_modules/@next/swc-linux-x64-musl Completed in 0ms
444 timing idealTree:node_modules/@next/swc-win32-arm64-msvc Completed in 0ms
445 timing idealTree:node_modules/@next/swc-win32-x64-msvc Completed in 0ms
446 timing idealTree:node_modules/node-releases Completed in 0ms
447 timing idealTree:node_modules/object.groupby Completed in 1ms
448 timing idealTree:node_modules/picomatch Completed in 0ms
449 timing idealTree:node_modules/react Completed in 0ms
450 silly placeDep ROOT scheduler@0.27.0 OK for: react-dom@19.2.3 want: ^0.27.0
451 timing idealTree:node_modules/react-dom Completed in 1ms
452 timing idealTree:node_modules/resolve Completed in 0ms
453 timing idealTree:node_modules/reusify Completed in 0ms
454 silly placeDep ROOT queue-microtask@1.2.3 OK for: run-parallel@1.2.0 want: ^1.2.2
455 timing idealTree:node_modules/run-parallel Completed in 1ms
456 timing idealTree:node_modules/queue-microtask Completed in 0ms
457 timing idealTree:node_modules/scheduler Completed in 0ms
458 silly placeDep ROOT @img/colour@1.0.0 OK for: sharp@0.34.5 want: ^1.0.0
459 silly placeDep ROOT @img/sharp-darwin-arm64@0.34.5 OK for: sharp@0.34.5 want: 0.34.5
460 silly placeDep ROOT @img/sharp-darwin-x64@0.34.5 OK for: sharp@0.34.5 want: 0.34.5
461 silly placeDep ROOT @img/sharp-libvips-darwin-arm64@1.2.4 OK for: sharp@0.34.5 want: 1.2.4
462 silly placeDep ROOT @img/sharp-libvips-darwin-x64@1.2.4 OK for: sharp@0.34.5 want: 1.2.4
463 silly placeDep ROOT @img/sharp-libvips-linux-arm@1.2.4 OK for: sharp@0.34.5 want: 1.2.4
464 silly placeDep ROOT @img/sharp-libvips-linux-arm64@1.2.4 OK for: sharp@0.34.5 want: 1.2.4
465 silly placeDep ROOT @img/sharp-libvips-linux-ppc64@1.2.4 OK for: sharp@0.34.5 want: 1.2.4
466 silly placeDep ROOT @img/sharp-libvips-linux-riscv64@1.2.4 OK for: sharp@0.34.5 want: 1.2.4
467 silly placeDep ROOT @img/sharp-libvips-linux-s390x@1.2.4 OK for: sharp@0.34.5 want: 1.2.4
468 silly placeDep ROOT @img/sharp-libvips-linux-x64@1.2.4 OK for: sharp@0.34.5 want: 1.2.4
469 silly placeDep ROOT @img/sharp-libvips-linuxmusl-arm64@1.2.4 OK for: sharp@0.34.5 want: 1.2.4
470 silly placeDep ROOT @img/sharp-libvips-linuxmusl-x64@1.2.4 OK for: sharp@0.34.5 want: 1.2.4
471 silly placeDep ROOT @img/sharp-linux-arm@0.34.5 OK for: sharp@0.34.5 want: 0.34.5
472 silly placeDep ROOT @img/sharp-linux-arm64@0.34.5 OK for: sharp@0.34.5 want: 0.34.5
473 silly placeDep ROOT @img/sharp-linux-ppc64@0.34.5 OK for: sharp@0.34.5 want: 0.34.5
474 silly placeDep ROOT @img/sharp-linux-riscv64@0.34.5 OK for: sharp@0.34.5 want: 0.34.5
475 silly placeDep ROOT @img/sharp-linux-s390x@0.34.5 OK for: sharp@0.34.5 want: 0.34.5
476 silly placeDep ROOT @img/sharp-linux-x64@0.34.5 OK for: sharp@0.34.5 want: 0.34.5
477 silly placeDep ROOT @img/sharp-linuxmusl-arm64@0.34.5 OK for: sharp@0.34.5 want: 0.34.5
478 silly placeDep ROOT @img/sharp-linuxmusl-x64@0.34.5 OK for: sharp@0.34.5 want: 0.34.5
479 silly placeDep ROOT @img/sharp-wasm32@0.34.5 OK for: sharp@0.34.5 want: 0.34.5
480 silly fetch manifest @emnapi/runtime@^1.7.0
481 silly placeDep ROOT @img/sharp-win32-arm64@0.34.5 OK for: sharp@0.34.5 want: 0.34.5
482 silly placeDep ROOT @img/sharp-win32-ia32@0.34.5 OK for: sharp@0.34.5 want: 0.34.5
483 silly placeDep ROOT @img/sharp-win32-x64@0.34.5 OK for: sharp@0.34.5 want: 0.34.5
484 silly placeDep ROOT detect-libc@2.1.2 REPLACE for: sharp@0.34.5 want: ^2.1.2
485 silly placeDep ROOT semver@7.7.3 REPLACE for: sharp@0.34.5 want: ^7.7.3
486 http fetch GET 200 https://registry.npmjs.org/@emnapi%2fruntime 276ms (cache miss)
487 timing idealTree:node_modules/sharp Completed in 299ms
488 timing idealTree:node_modules/@img/colour Completed in 0ms
489 timing idealTree:node_modules/@img/sharp-darwin-arm64 Completed in 0ms
490 timing idealTree:node_modules/@img/sharp-darwin-x64 Completed in 0ms
491 timing idealTree:node_modules/@img/sharp-libvips-darwin-arm64 Completed in 0ms
492 timing idealTree:node_modules/@img/sharp-libvips-darwin-x64 Completed in 0ms
493 timing idealTree:node_modules/@img/sharp-libvips-linux-arm Completed in 0ms
494 timing idealTree:node_modules/@img/sharp-libvips-linux-arm64 Completed in 0ms
495 timing idealTree:node_modules/@img/sharp-libvips-linux-ppc64 Completed in 0ms
496 timing idealTree:node_modules/@img/sharp-libvips-linux-riscv64 Completed in 0ms
497 timing idealTree:node_modules/@img/sharp-libvips-linux-s390x Completed in 0ms
498 timing idealTree:node_modules/@img/sharp-libvips-linux-x64 Completed in 0ms
499 timing idealTree:node_modules/@img/sharp-libvips-linuxmusl-arm64 Completed in 0ms
500 timing idealTree:node_modules/@img/sharp-libvips-linuxmusl-x64 Completed in 0ms
501 timing idealTree:node_modules/@img/sharp-linux-arm Completed in 0ms
502 timing idealTree:node_modules/@img/sharp-linux-arm64 Completed in 0ms
503 timing idealTree:node_modules/@img/sharp-linux-ppc64 Completed in 0ms
504 timing idealTree:node_modules/@img/sharp-linux-riscv64 Completed in 0ms
505 timing idealTree:node_modules/@img/sharp-linux-s390x Completed in 0ms
506 timing idealTree:node_modules/@img/sharp-linux-x64 Completed in 0ms
507 timing idealTree:node_modules/@img/sharp-linuxmusl-arm64 Completed in 0ms
508 timing idealTree:node_modules/@img/sharp-linuxmusl-x64 Completed in 0ms
509 silly placeDep ROOT @emnapi/runtime@1.8.1 REPLACE for: @img/sharp-wasm32@0.34.5 want: ^1.7.0
510 timing idealTree:node_modules/@img/sharp-wasm32 Completed in 3ms
511 timing idealTree:node_modules/@emnapi/runtime Completed in 0ms
512 timing idealTree:node_modules/@img/sharp-win32-arm64 Completed in 0ms
513 timing idealTree:node_modules/@img/sharp-win32-ia32 Completed in 0ms
514 timing idealTree:node_modules/@img/sharp-win32-x64 Completed in 0ms
515 timing idealTree:node_modules/detect-libc Completed in 0ms
516 timing idealTree:node_modules/semver Completed in 0ms
517 timing idealTree:node_modules/stop-iteration-iterator Completed in 0ms
518 silly placeDep ROOT is-number@7.0.0 OK for: to-regex-range@5.0.1 want: ^7.0.0
519 timing idealTree:node_modules/to-regex-range Completed in 1ms
520 timing idealTree:node_modules/is-number Completed in 0ms
521 silly placeDep ROOT @types/json5@0.0.29 OK for: tsconfig-paths@3.15.0 want: ^0.0.29
522 silly placeDep node_modules/tsconfig-paths json5@1.0.2 OK for: tsconfig-paths@3.15.0 want: ^1.0.2
523 silly fetch manifest minimist@^1.2.0
524 silly placeDep ROOT minimist@1.2.8 OK for: tsconfig-paths@3.15.0 want: ^1.2.6
525 silly placeDep ROOT strip-bom@3.0.0 OK for: tsconfig-paths@3.15.0 want: ^3.0.0
526 timing idealTree:node_modules/tsconfig-paths Completed in 4ms
527 timing idealTree:node_modules/@types/json5 Completed in 0ms
528 timing idealTree:node_modules/minimist Completed in 0ms
529 timing idealTree:node_modules/strip-bom Completed in 0ms
530 silly placeDep ROOT @typescript-eslint/eslint-plugin@8.51.0 OK for: typescript-eslint@8.51.0 want: 8.51.0
531 silly fetch manifest ignore@^7.0.0
532 silly fetch manifest ts-api-utils@^2.2.0
533 silly fetch manifest @typescript-eslint/type-utils@8.51.0
534 silly fetch manifest @typescript-eslint/visitor-keys@8.51.0
535 silly fetch manifest @typescript-eslint/scope-manager@8.51.0
536 silly placeDep ROOT @typescript-eslint/parser@8.51.0 OK for: typescript-eslint@8.51.0 want: 8.51.0
537 silly fetch manifest @typescript-eslint/types@8.51.0
538 silly placeDep ROOT @typescript-eslint/typescript-estree@8.51.0 OK for: typescript-eslint@8.51.0 want: 8.51.0
539 silly fetch manifest minimatch@^9.0.4
540 silly fetch manifest tinyglobby@^0.2.15
541 silly fetch manifest @typescript-eslint/tsconfig-utils@8.51.0
542 silly fetch manifest @typescript-eslint/project-service@8.51.0
543 silly placeDep ROOT @typescript-eslint/utils@8.51.0 OK for: typescript-eslint@8.51.0 want: 8.51.0
544 silly fetch manifest @eslint-community/eslint-utils@^4.7.0
545 http fetch GET 200 https://registry.npmjs.org/ts-api-utils 109ms (cache miss)
546 http fetch GET 200 https://registry.npmjs.org/tinyglobby 112ms (cache miss)
547 http fetch GET 200 https://registry.npmjs.org/ignore 193ms (cache miss)
548 http fetch GET 200 https://registry.npmjs.org/@eslint-community%2feslint-utils 249ms (cache miss)
549 http fetch GET 200 https://registry.npmjs.org/@typescript-eslint%2fproject-service 366ms (cache miss)
550 http fetch GET 200 https://registry.npmjs.org/@typescript-eslint%2ftsconfig-utils 372ms (cache miss)
551 http fetch GET 200 https://registry.npmjs.org/minimatch 390ms (cache miss)
552 http fetch GET 200 https://registry.npmjs.org/@typescript-eslint%2ftype-utils 970ms (cache miss)
553 http fetch GET 200 https://registry.npmjs.org/@typescript-eslint%2fscope-manager 1191ms (cache miss)
554 http fetch GET 200 https://registry.npmjs.org/@typescript-eslint%2fvisitor-keys 3073ms (cache miss)
555 http fetch GET 200 https://registry.npmjs.org/@typescript-eslint%2ftypes 3434ms (cache miss)
556 timing idealTree:node_modules/typescript-eslint Completed in 3466ms
557 silly placeDep ROOT @typescript-eslint/scope-manager@8.51.0 OK for: @typescript-eslint/eslint-plugin@8.51.0 want: 8.51.0
558 silly placeDep ROOT @typescript-eslint/type-utils@8.51.0 OK for: @typescript-eslint/eslint-plugin@8.51.0 want: 8.51.0
559 silly placeDep ROOT @typescript-eslint/visitor-keys@8.51.0 OK for: @typescript-eslint/eslint-plugin@8.51.0 want: 8.51.0
560 silly fetch manifest eslint-visitor-keys@^4.2.1
561 silly placeDep node_modules/@typescript-eslint/eslint-plugin ignore@7.0.5 OK for: @typescript-eslint/eslint-plugin@8.51.0 want: ^7.0.0
562 silly placeDep ROOT ts-api-utils@2.4.0 OK for: @typescript-eslint/eslint-plugin@8.51.0 want: ^2.2.0
563 http fetch GET 200 https://registry.npmjs.org/eslint-visitor-keys 208ms (cache miss)
564 timing idealTree:node_modules/@typescript-eslint/eslint-plugin Completed in 212ms
565 silly placeDep ROOT @typescript-eslint/types@8.51.0 OK for: @typescript-eslint/parser@8.51.0 want: 8.51.0
566 timing idealTree:node_modules/@typescript-eslint/parser Completed in 1ms
567 timing idealTree:node_modules/@typescript-eslint/scope-manager Completed in 0ms
568 timing idealTree:node_modules/@typescript-eslint/type-utils Completed in 1ms
569 timing idealTree:node_modules/@typescript-eslint/types Completed in 0ms
570 silly placeDep ROOT @typescript-eslint/project-service@8.51.0 OK for: @typescript-eslint/typescript-estree@8.51.0 want: 8.51.0
571 silly fetch manifest @typescript-eslint/tsconfig-utils@^8.51.0
572 silly placeDep ROOT @typescript-eslint/tsconfig-utils@8.51.0 OK for: @typescript-eslint/typescript-estree@8.51.0 want: 8.51.0
573 silly placeDep node_modules/@typescript-eslint/typescript-estree minimatch@9.0.5 OK for: @typescript-eslint/typescript-estree@8.51.0 want: ^9.0.4
574 silly fetch manifest brace-expansion@^2.0.1
575 silly placeDep ROOT tinyglobby@0.2.15 REPLACE for: @typescript-eslint/typescript-estree@8.51.0 want: ^0.2.15
576 silly fetch manifest fdir@^6.5.0
577 silly fetch manifest picomatch@^4.0.3
578 http fetch GET 200 https://registry.npmjs.org/fdir 100ms (cache miss)
579 http fetch GET 200 https://registry.npmjs.org/brace-expansion 105ms (cache miss)
580 timing idealTree:node_modules/@typescript-eslint/typescript-estree Completed in 110ms
581 timing idealTree:node_modules/@typescript-eslint/project-service Completed in 0ms
582 timing idealTree:node_modules/@typescript-eslint/tsconfig-utils Completed in 0ms
583 silly placeDep ROOT @eslint-community/eslint-utils@4.9.1 REPLACE for: @typescript-eslint/utils@8.51.0 want: ^4.7.0
584 timing idealTree:node_modules/@typescript-eslint/utils Completed in 2ms
585 timing idealTree:node_modules/@eslint-community/eslint-utils Completed in 0ms
586 silly placeDep ROOT eslint-visitor-keys@4.2.1 REPLACE for: @typescript-eslint/visitor-keys@8.51.0 want: ^4.2.1
587 timing idealTree:node_modules/@typescript-eslint/visitor-keys Completed in 2ms
588 timing idealTree:node_modules/eslint-visitor-keys Completed in 0ms
589 silly placeDep ROOT fdir@6.5.0 OK for: tinyglobby@0.2.15 want: ^6.5.0
590 silly placeDep node_modules/tinyglobby picomatch@4.0.3 OK for: tinyglobby@0.2.15 want: ^4.0.3
591 timing idealTree:node_modules/tinyglobby Completed in 2ms
592 timing idealTree:node_modules/fdir Completed in 0ms
593 timing idealTree:node_modules/ts-api-utils Completed in 0ms
594 silly placeDep ROOT escalade@3.2.0 OK for: update-browserslist-db@1.2.3 want: ^3.2.0
595 timing idealTree:node_modules/update-browserslist-db Completed in 1ms
596 timing idealTree:node_modules/escalade Completed in 0ms
597 timing idealTree:node_modules/yallist Completed in 0ms
598 timing idealTree:node_modules/zod Completed in 0ms
599 timing idealTree:node_modules/zod-validation-error Completed in 0ms
600 timing idealTree:node_modules/@babel/core/node_modules/semver Completed in 0ms
601 timing idealTree:node_modules/@babel/helper-compilation-targets/node_modules/semver Completed in 0ms
602 timing idealTree:node_modules/@typescript-eslint/eslint-plugin/node_modules/ignore Completed in 0ms
603 silly placeDep node_modules/@typescript-eslint/typescript-estree brace-expansion@2.0.2 OK for: minimatch@9.0.5 want: ^2.0.1
604 timing idealTree:node_modules/@typescript-eslint/typescript-estree/node_modules/minimatch Completed in 1ms
605 timing idealTree:node_modules/@typescript-eslint/typescript-estree/node_modules/brace-expansion Completed in 0ms
606 timing idealTree:node_modules/eslint-config-next/node_modules/globals Completed in 0ms
607 timing idealTree:node_modules/eslint-import-resolver-node/node_modules/debug Completed in 0ms
608 timing idealTree:node_modules/eslint-module-utils/node_modules/debug Completed in 0ms
609 timing idealTree:node_modules/eslint-plugin-import/node_modules/debug Completed in 0ms
610 timing idealTree:node_modules/eslint-plugin-import/node_modules/semver Completed in 0ms
611 timing idealTree:node_modules/fast-glob/node_modules/glob-parent Completed in 0ms
612 timing idealTree:node_modules/tinyglobby/node_modules/picomatch Completed in 0ms
613 timing idealTree:node_modules/tsconfig-paths/node_modules/json5 Completed in 0ms
614 timing idealTree:buildDeps Completed in 16146ms
615 timing idealTree:fixDepFlags Completed in 5ms
616 timing idealTree Completed in 19522ms
617 timing reify:loadTrees Completed in 19522ms
618 timing reify:diffTrees Completed in 6ms
619 silly reify moves {}
620 timing reify:retireShallow Completed in 1ms
621 timing reify:rollback:createSparse Completed in 54ms
622 timing reify:rollback:retireShallow Completed in 0ms
623 timing command:install Completed in 19709ms
624 notice
624 notice New major version of npm available! 10.1.0 -> 11.7.0
624 notice Changelog: <https://github.com/npm/cli/releases/tag/v11.7.0>
624 notice Run `npm install -g npm@11.7.0` to update!
624 notice
625 verbose stack Error: EPERM: operation not permitted, mkdir '/Users/wolf/Documents/Development/Projects/MDX_site/Code/mdx-next15-react19/node_modules/path-key'
626 verbose cwd /Users/wolf/Documents/Development/Projects/MDX_site/Code/mdx-next15-react19
627 verbose Darwin 25.1.0
628 verbose node v20.9.0
629 verbose npm  v10.1.0
630 error code EPERM
631 error syscall mkdir
632 error path /Users/wolf/Documents/Development/Projects/MDX_site/Code/mdx-next15-react19/node_modules/path-key
633 error errno -1
634 error [Error: EPERM: operation not permitted, mkdir '/Users/wolf/Documents/Development/Projects/MDX_site/Code/mdx-next15-react19/node_modules/path-key'] {
634 error   errno: -1,
634 error   code: 'EPERM',
634 error   syscall: 'mkdir',
634 error   path: '/Users/wolf/Documents/Development/Projects/MDX_site/Code/mdx-next15-react19/node_modules/path-key'
634 error }
635 error
635 error The operation was rejected by your operating system.
635 error It is likely you do not have the permissions to access this file as the current user
635 error
635 error If you believe this might be a permissions issue, please double-check the
635 error permissions of the file and its containing directories, or try running
635 error the command again as root/Administrator.
636 verbose exit -1
637 timing npm Completed in 19859ms
638 verbose unfinished npm timer reify 1767602733598
639 verbose unfinished npm timer reify:createSparse 1767602753191
640 verbose code -1
641 error A complete log of this run can be found in: /Users/wolf/Documents/Development/Projects/MDX_site/Code/mdx-next15-react19/.npm-cache/_logs/2026-01-05T08_45_33_445Z-debug-0.log
